Arguments: 
  /usr/bin/node /usr/share/yarn/bin/yarn.js init --y

PATH: 
  /home/rogerio/.local/bin:/home/rogerio/bin:/usr/share/Modules/bin:/usr/local/bin:/usr/local/sbin:/usr/bin:/usr/sbin:/home/rogerio/.composer/vendor/bin:/var/lib/snapd/snap/bin

Yarn version: 
  1.19.1

Node version: 
  12.10.0

Platform: 
  linux x64

Trace: 
  Error: canceled
      at Interface.<anonymous> (/usr/share/yarn/lib/cli.js:136824:13)
      at Interface.emit (events.js:209:13)
      at Interface._ttyWrite (readline.js:887:16)
      at ReadStream.onkeypress (readline.js:191:10)
      at ReadStream.emit (events.js:209:13)
      at emitKeys (internal/readline/utils.js:433:14)
      at emitKeys.next (<anonymous>)
      at ReadStream.onData (readline.js:1153:36)
      at ReadStream.emit (events.js:209:13)
      at addChunk (_stream_readable.js:305:12)

npm manifest: 
  No manifest

yarn manifest: 
  No manifest

Lockfile: 
  No lockfile
